<?xml version="1.0" encoding="UTF-8"?>
<!-- Generated by org.testng.reporters.JUnitReportReporter -->
<testsuite skipped="0" hostname="GACDTL01PP481D" name="com.crm.qa.testcases.LoginPageTest" tests="3" failures="0" timestamp="13 Mar 2018 00:13:58 GMT" time="36.685" errors="0">
  <testcase name="loginPageTitleTest" time="15.911" classname="com.crm.qa.testcases.LoginPageTest"/>
  <testcase name="crmLogoImageTest" time="10.050" classname="com.crm.qa.testcases.LoginPageTest"/>
  <testcase name="loginTest" time="10.724" classname="com.crm.qa.testcases.LoginPageTest"/>
</testsuite> <!-- com.crm.qa.testcases.LoginPageTest -->
